  back.cpp
C:\Users\student\source\repos\20240709_2DGame\main.h(11,10): fatal error C1083: include ファイルを開けません。'd3dx9.h':No such file or directory
  Bsod.cpp
C:\Users\student\source\repos\20240709_2DGame\main.h(11,10): fatal error C1083: include ファイルを開けません。'd3dx9.h':No such file or directory
  bullet.cpp
C:\Users\student\source\repos\20240709_2DGame\main.h(11,10): fatal error C1083: include ファイルを開けません。'd3dx9.h':No such file or directory
  effect.cpp
C:\Users\student\source\repos\20240709_2DGame\main.h(11,10): fatal error C1083: include ファイルを開けません。'd3dx9.h':No such file or directory
  enemy.cpp
C:\Users\student\source\repos\20240709_2DGame\main.h(11,10): fatal error C1083: include ファイルを開けません。'd3dx9.h':No such file or directory
  explosion.cpp
C:\Users\student\source\repos\20240709_2DGame\main.h(11,10): fatal error C1083: include ファイルを開けません。'd3dx9.h':No such file or directory
  fade.cpp
C:\Users\student\source\repos\20240709_2DGame\main.h(11,10): fatal error C1083: include ファイルを開けません。'd3dx9.h':No such file or directory
  game.cpp
C:\Users\student\source\repos\20240709_2DGame\main.h(11,10): fatal error C1083: include ファイルを開けません。'd3dx9.h':No such file or directory
  gauge.cpp
C:\Users\student\source\repos\20240709_2DGame\main.h(11,10): fatal error C1083: include ファイルを開けません。'd3dx9.h':No such file or directory
  input.cpp
C:\Users\student\source\repos\20240709_2DGame\main.h(11,10): fatal error C1083: include ファイルを開けません。'd3dx9.h':No such file or directory
  main.cpp
C:\Users\student\source\repos\20240709_2DGame\main.h(11,10): fatal error C1083: include ファイルを開けません。'd3dx9.h':No such file or directory
  memory.cpp
C:\Users\student\source\repos\20240709_2DGame\main.h(11,10): fatal error C1083: include ファイルを開けません。'd3dx9.h':No such file or directory
  particle.cpp
C:\Users\student\source\repos\20240709_2DGame\main.h(11,10): fatal error C1083: include ファイルを開けません。'd3dx9.h':No such file or directory
  pause.cpp
C:\Users\student\source\repos\20240709_2DGame\main.h(11,10): fatal error C1083: include ファイルを開けません。'd3dx9.h':No such file or directory
  player.cpp
C:\Users\student\source\repos\20240709_2DGame\main.h(11,10): fatal error C1083: include ファイルを開けません。'd3dx9.h':No such file or directory
  ranking.cpp
C:\Users\student\source\repos\20240709_2DGame\main.h(11,10): fatal error C1083: include ファイルを開けません。'd3dx9.h':No such file or directory
  rankingscore.cpp
C:\Users\student\source\repos\20240709_2DGame\main.h(11,10): fatal error C1083: include ファイルを開けません。'd3dx9.h':No such file or directory
  rankset.cpp
C:\Users\student\source\repos\20240709_2DGame\main.h(11,10): fatal error C1083: include ファイルを開けません。'd3dx9.h':No such file or directory
  result.cpp
C:\Users\student\source\repos\20240709_2DGame\main.h(11,10): fatal error C1083: include ファイルを開けません。'd3dx9.h':No such file or directory
  score.cpp
C:\Users\student\source\repos\20240709_2DGame\main.h(11,10): fatal error C1083: include ファイルを開けません。'd3dx9.h':No such file or directory
  コードを生成中...
  コンパイル中...
  sound.cpp
C:\Users\student\source\repos\20240709_2DGame\main.h(11,10): fatal error C1083: include ファイルを開けません。'd3dx9.h':No such file or directory
  time.cpp
C:\Users\student\source\repos\20240709_2DGame\main.h(11,10): fatal error C1083: include ファイルを開けません。'd3dx9.h':No such file or directory
  title.cpp
C:\Users\student\source\repos\20240709_2DGame\main.h(11,10): fatal error C1083: include ファイルを開けません。'd3dx9.h':No such file or directory
  tutorial.cpp
C:\Users\student\source\repos\20240709_2DGame\main.h(11,10): fatal error C1083: include ファイルを開けません。'd3dx9.h':No such file or directory
  ui.cpp
C:\Users\student\source\repos\20240709_2DGame\main.h(11,10): fatal error C1083: include ファイルを開けません。'd3dx9.h':No such file or directory
  wave.cpp
C:\Users\student\source\repos\20240709_2DGame\main.h(11,10): fatal error C1083: include ファイルを開けません。'd3dx9.h':No such file or directory
  コードを生成中...
